Build started 11/19/2014 9:21:44 PM.
     1>Project "C:\Users\Zach\Documents\GitHub\cuFluids\cuFluids\Fluids2D\Fluids2D\Fluids2D.vcxproj" on node 2 (Build target(s)).
     1>ClCompile:
         C:\Program Files (x86)\Microsoft Visual Studio 12.0\VC\bin\CL.exe /c /ZI /nologo /W3 /WX- /sdl /Od /Oy- /D WIN32 /D _DEBUG /D _CONSOLE /D _UNICODE /D UNICODE /Gm /EHsc /RTC1 /MDd /GS /fp:precise /Zc:wchar_t /Zc:forScope /Yu"stdafx.h" /Fp"Debug\Fluids2D.pch" /Fo"Debug\\" /Fd"Debug\vc120.pdb" /Gd /TP /analyze- /errorReport:prompt Fluids2D.cpp particle.cpp
         particle.cpp
     1>c:\users\zach\documents\github\cufluids\cufluids\fluids2d\fluids2d\particle.cpp(89): warning C4244: 'return' : conversion from 'int' to 'float', possible loss of data
         Fluids2D.cpp
     1>c:\users\zach\documents\github\cufluids\cufluids\fluids2d\fluids2d\fluids2d.cpp(21): warning C4244: 'argument' : conversion from 'int' to 'float', possible loss of data
     1>c:\users\zach\documents\github\cufluids\cufluids\fluids2d\fluids2d\fluids2d.cpp(40): error C2059: syntax error : '<<'
     1>c:\users\zach\documents\github\cufluids\cufluids\fluids2d\fluids2d\fluids2d.cpp(44): error C2059: syntax error : '<<'
     1>c:\users\zach\documents\github\cufluids\cufluids\fluids2d\fluids2d\fluids2d.cpp(48): error C2059: syntax error : '<<'
     1>c:\users\zach\documents\github\cufluids\cufluids\fluids2d\fluids2d\fluids2d.cpp(78): error C2065: 'CLS' : undeclared identifier
         Generating Code...
     1>Done Building Project "C:\Users\Zach\Documents\GitHub\cuFluids\cuFluids\Fluids2D\Fluids2D\Fluids2D.vcxproj" (Build target(s)) -- FAILED.

Build FAILED.

Time Elapsed 00:00:00.62
